Using pre-set license
Built from '2020.3/staging' branch; Version is '2020.3.17f1 (a4537701e4ab) revision 10769271'; Using compiler version '192528614'; Build Type 'Release'
OS: 'Windows 10 Home; OS build 19043.1165; Version 2009; 64bit' Language: 'ko' Physical Memory: 16333 MB
BatchMode: 1, IsHumanControllingUs: 0, StartBugReporterOnCrash: 0, Is64bit: 1, IsPro: 0

COMMAND LINE ARGUMENTS:
C:\Program Files\Unity\Hub\Editor\2020.3.17f1\Editor\Unity.exe
-adb2
-batchMode
-noUpm
-name
AssetImportWorker0
-projectPath
C:/Users/hwan9/OneDrive/문서/GitHub/UnityTutorial/Prototype2
-logFile
Logs/AssetImportWorker0.log
-srvPort
4407
Successfully changed project path to: C:/Users/hwan9/OneDrive/문서/GitHub/UnityTutorial/Prototype2
C:/Users/hwan9/OneDrive/문서/GitHub/UnityTutorial/Prototype2
Using Asset Import Pipeline V2.
Refreshing native plugins compatible for Editor in 29.13 ms, found 2 plugins.
Preloading 0 native plugins for Editor in 0.00 ms.
Initialize engine version: 2020.3.17f1 (a4537701e4ab)
[Subsystems] Discovering subsystems at path C:/Program Files/Unity/Hub/Editor/2020.3.17f1/Editor/Data/Resources/UnitySubsystems
[Subsystems] Discovering subsystems at path C:/Users/hwan9/OneDrive/문서/GitHub/UnityTutorial/Prototype2/Assets
GfxDevice: creating device client; threaded=0
Direct3D:
    Version:  Direct3D 11.0 [level 11.1]
    Renderer: NVIDIA GeForce GTX 1660 Ti (ID=0x2182)
    Vendor:   
    VRAM:     5991 MB
    Driver:   30.0.14.7141
Initialize mono
Mono path[0] = 'C:/Program Files/Unity/Hub/Editor/2020.3.17f1/Editor/Data/Managed'
Mono path[1] = 'C:/Program Files/Unity/Hub/Editor/2020.3.17f1/Editor/Data/MonoBleedingEdge/lib/mono/unityjit'
Mono config path = 'C:/Program Files/Unity/Hub/Editor/2020.3.17f1/Editor/Data/MonoBleedingEdge/etc'
Using monoOptions --debugger-agent=transport=dt_socket,embedding=1,server=y,suspend=n,address=127.0.0.1:56612
Begin MonoManager ReloadAssembly
Registering precompiled unity dll's ...
Register platform support module: C:/Program Files/Unity/Hub/Editor/2020.3.17f1/Editor/Data/PlaybackEngines/WebGLSupport/UnityEditor.WebGL.Extensions.dll
Register platform support module: C:/Program Files/Unity/Hub/Editor/2020.3.17f1/Editor/Data/PlaybackEngines/WindowsStandaloneSupport/UnityEditor.WindowsStandalone.Extensions.dll
Registered in 0.002984 seconds.
Native extension for WindowsStandalone target not found
Native extension for WebGL target not found
Refreshing native plugins compatible for Editor in 32.02 ms, found 2 plugins.
Preloading 0 native plugins for Editor in 0.00 ms.
Mono: successfully reloaded assembly
- Completed reload, in  1.273 seconds
Domain Reload Profiling:
	ReloadAssembly (1274ms)
		BeginReloadAssembly (62ms)
			ExecutionOrderSort (0ms)
			DisableScriptedObjects (0ms)
			BackupInstance (0ms)
			ReleaseScriptingObjects (0ms)
			CreateAndSetChildDomain (1ms)
		EndReloadAssembly (431ms)
			LoadAssemblies (59ms)
			RebuildTransferFunctionScriptingTraits (0ms)
			SetupTypeCache (158ms)
			ReleaseScriptCaches (0ms)
			RebuildScriptCaches (28ms)
			SetupLoadedEditorAssemblies (165ms)
				LogAssemblyErrors (0ms)
				InitializePlatformSupportModulesInManaged (5ms)
				SetLoadedEditorAssemblies (0ms)
				RefreshPlugins (32ms)
				BeforeProcessingInitializeOnLoad (15ms)
				ProcessInitializeOnLoadAttributes (86ms)
				ProcessInitializeOnLoadMethodAttributes (26ms)
				AfterProcessingInitializeOnLoad (0ms)
				EditorAssembliesLoaded (0ms)
			ExecutionOrderSort2 (0ms)
			AwakeInstancesAfterBackupRestoration (0ms)
Platform modules already initialized, skipping
Registering precompiled user dll's ...
Registered in 0.006557 seconds.
Begin MonoManager ReloadAssembly
Native extension for WindowsStandalone target not found
Native extension for WebGL target not found
Refreshing native plugins compatible for Editor in 0.48 ms, found 2 plugins.
Preloading 0 native plugins for Editor in 0.00 ms.
Mono: successfully reloaded assembly
- Completed reload, in  1.095 seconds
Domain Reload Profiling:
	ReloadAssembly (1096ms)
		BeginReloadAssembly (150ms)
			ExecutionOrderSort (0ms)
			DisableScriptedObjects (4ms)
			BackupInstance (0ms)
			ReleaseScriptingObjects (0ms)
			CreateAndSetChildDomain (19ms)
		EndReloadAssembly (883ms)
			LoadAssemblies (92ms)
			RebuildTransferFunctionScriptingTraits (0ms)
			SetupTypeCache (270ms)
			ReleaseScriptCaches (1ms)
			RebuildScriptCaches (42ms)
			SetupLoadedEditorAssemblies (388ms)
				LogAssemblyErrors (0ms)
				InitializePlatformSupportModulesInManaged (9ms)
				SetLoadedEditorAssemblies (0ms)
				RefreshPlugins (1ms)
				BeforeProcessingInitializeOnLoad (77ms)
				ProcessInitializeOnLoadAttributes (288ms)
				ProcessInitializeOnLoadMethodAttributes (4ms)
				AfterProcessingInitializeOnLoad (9ms)
				EditorAssembliesLoaded (0ms)
			ExecutionOrderSort2 (0ms)
			AwakeInstancesAfterBackupRestoration (6ms)
Platform modules already initialized, skipping
========================================================================
Worker process is ready to serve import requests
Launched and connected shader compiler UnityShaderCompiler.exe after 0.07 seconds
Refreshing native plugins compatible for Editor in 0.60 ms, found 2 plugins.
Preloading 0 native plugins for Editor in 0.00 ms.
Unloading 1402 Unused Serialized files (Serialized files now loaded: 0)
System memory in use before: 65.4 MB.
System memory in use after: 65.5 MB.

Unloading 18 unused Assets to reduce memory usage. Loaded Objects now: 1836.
Total: 2.918000 ms (FindLiveObjects: 0.197400 ms CreateObjectMapping: 0.033500 ms MarkObjects: 2.618900 ms  DeleteObjects: 0.067000 ms)

AssetImportParameters requested are different than current active one (requested -> active):
  custom:framework-win-MediaFoundation: 216162199b28c13a410421893ffa2e32 -> 
  custom:video-decoder-ogg-theora: a1e56fd34408186e4bbccfd4996cb3dc -> 
  custom:container-muxer-webm: aa71ff27fc2769a1b78a27578f13a17b -> 
  custom:container-demuxer-webm: 4f35f7cbe854078d1ac9338744f61a02 -> 
  custom:container-demuxer-ogg: 62fdf1f143b41e24485cea50d1cbac27 -> 
  custom:video-encoder-webm-vp8: eb34c28f22e8b96e1ab97ce403110664 -> 
  custom:video-decoder-webm-vp8: 9c59270c3fd7afecdb556c50c9e8de78 -> 
  custom:audio-decoder-ogg-vorbis: bf7c407c2cedff20999df2af8eb42d56 -> 
  custom:audio-encoder-webm-vorbis: bf7c407c2cedff20999df2af8eb42d56 -> 
========================================================================
Received Import Request.
  path: Assets/Script/SpawnManager.cs
  artifactKey: Guid(7a20504daa6b4184b89adcdc19dfd7a0) Importer(815301076,1909f56bfc062723c751e8b465ee728b)
Start importing Assets/Script/SpawnManager.cs using Guid(7a20504daa6b4184b89adcdc19dfd7a0) Importer(815301076,1909f56bfc062723c751e8b465ee728b)  -> (artifact id: '87971195a418188ee47c3140c89da043') in 0.037858 seconds 
  Import took 0.040169 seconds .

========================================================================
Received Import Request.
  Time since last request: 94.894704 seconds.
  path: Assets/Script/DestroyOutOfBounds.cs
  artifactKey: Guid(a1fc40331fc779545ac9f24dccb5ded7) Importer(815301076,1909f56bfc062723c751e8b465ee728b)
Start importing Assets/Script/DestroyOutOfBounds.cs using Guid(a1fc40331fc779545ac9f24dccb5ded7) Importer(815301076,1909f56bfc062723c751e8b465ee728b)  -> (artifact id: '36a5199f24752b68329cf70e03981fa2') in 0.007365 seconds 
  Import took 0.010053 seconds .

========================================================================
Received Import Request.
  Time since last request: 957.445695 seconds.
  path: Assets/Prefab/Food_Organic_Carrot.prefab
  artifactKey: Guid(8d0c08f3341b6cb42821facda8d33b19) Importer(815301076,1909f56bfc062723c751e8b465ee728b)
Start importing Assets/Prefab/Food_Organic_Carrot.prefab using Guid(8d0c08f3341b6cb42821facda8d33b19) Importer(815301076,1909f56bfc062723c751e8b465ee728b)  -> (artifact id: 'a49e549e9760238da153e025eca06151') in 0.083906 seconds 
  Import took 0.091306 seconds .

========================================================================
Received Import Request.
  Time since last request: 0.007495 seconds.
  path: Assets/Prefab/Food_Organic_Carrot.prefab
  artifactKey: Guid(8d0c08f3341b6cb42821facda8d33b19) Importer(815301076,1909f56bfc062723c751e8b465ee728b)
Start importing Assets/Prefab/Food_Organic_Carrot.prefab using Guid(8d0c08f3341b6cb42821facda8d33b19) Importer(815301076,1909f56bfc062723c751e8b465ee728b)  -> (artifact id: 'a49e549e9760238da153e025eca06151') in 0.010338 seconds 
  Import took 0.012833 seconds .

========================================================================
Received Import Request.
  Time since last request: 272.145128 seconds.
  path: Assets/Prefab/Animal_Fox_02.prefab
  artifactKey: Guid(55ff6ce22851ef449bdb36b01999ac08) Importer(815301076,1909f56bfc062723c751e8b465ee728b)
Start importing Assets/Prefab/Animal_Fox_02.prefab using Guid(55ff6ce22851ef449bdb36b01999ac08) Importer(815301076,1909f56bfc062723c751e8b465ee728b)  -> (artifact id: 'ae47d498f95fe2c333be07454d6f3df1') in 0.046506 seconds 
  Import took 0.054565 seconds .

========================================================================
Received Import Request.
  Time since last request: 37.512659 seconds.
  path: Assets/Prefab/Animal_Moose_01.prefab
  artifactKey: Guid(0c3c4bfe7bdc52a41847b3748f393aa7) Importer(815301076,1909f56bfc062723c751e8b465ee728b)
Start importing Assets/Prefab/Animal_Moose_01.prefab using Guid(0c3c4bfe7bdc52a41847b3748f393aa7) Importer(815301076,1909f56bfc062723c751e8b465ee728b)  -> (artifact id: 'bc78751ff9d7c697d5018fa0763e86e2') in 0.031229 seconds 
  Import took 0.038650 seconds .

========================================================================
Received Import Request.
  Time since last request: 0.892586 seconds.
  path: Assets/Prefab/Dog_BullTerrier_01.prefab
  artifactKey: Guid(f508448180857e84681a83c2b041a2c0) Importer(815301076,1909f56bfc062723c751e8b465ee728b)
Start importing Assets/Prefab/Dog_BullTerrier_01.prefab using Guid(f508448180857e84681a83c2b041a2c0) Importer(815301076,1909f56bfc062723c751e8b465ee728b)  -> (artifact id: '9eceedcd5a5d0d58ba5a70e4f5473e9e') in 0.043703 seconds 
  Import took 0.047422 seconds .

AssetImportWorkerClient::OnTransportError - code=2 error=End of file
